2020-03-02 10:57:02.040636: I tensorflow/core/platform/cpu_feature_guard.cc:141] Your CPU supports instructions that this TensorFlow binary was not compiled to use: SSE4.1 SSE4.2 AVX AVX2 FMA
2020-03-02 10:57:02.101001: I tensorflow/core/platform/cpu_feature_guard.cc:141] Your CPU supports instructions that this TensorFlow binary was not compiled to use: SSE4.1 SSE4.2 AVX AVX2 FMA
2020-03-02 10:57:02.227925: I tensorflow/core/common_runtime/gpu/gpu_device.cc:1432] Found device 0 with properties: 
name: Tesla M40 major: 5 minor: 2 memoryClockRate(GHz): 1.112
pciBusID: 0000:82:00.0
totalMemory: 11.18GiB freeMemory: 7.86GiB
2020-03-02 10:57:02.227968: I tensorflow/core/common_runtime/gpu/gpu_device.cc:1511] Adding visible gpu devices: 0
2020-03-02 10:57:02.235661: I tensorflow/core/common_runtime/gpu/gpu_device.cc:1432] Found device 0 with properties: 
name: Tesla M40 major: 5 minor: 2 memoryClockRate(GHz): 1.112
pciBusID: 0000:82:00.0
totalMemory: 11.18GiB freeMemory: 7.77GiB
2020-03-02 10:57:02.235701: I tensorflow/core/common_runtime/gpu/gpu_device.cc:1511] Adding visible gpu devices: 0
2020-03-02 10:57:02.559742: I tensorflow/core/common_runtime/gpu/gpu_device.cc:982] Device interconnect StreamExecutor with strength 1 edge matrix:
2020-03-02 10:57:02.559798: I tensorflow/core/common_runtime/gpu/gpu_device.cc:988]      0 
2020-03-02 10:57:02.559808: I tensorflow/core/common_runtime/gpu/gpu_device.cc:1001] 0:   N 
2020-03-02 10:57:02.559908: I tensorflow/core/common_runtime/gpu/gpu_device.cc:1115] Created TensorFlow device (/job:localhost/replica:0/task:0/device:GPU:0 with 572 MB memory) -> physical GPU (device: 0, name: Tesla M40, pci bus id: 0000:82:00.0, compute capability: 5.2)
2020-03-02 10:57:02.578237: I tensorflow/core/common_runtime/gpu/gpu_device.cc:982] Device interconnect StreamExecutor with strength 1 edge matrix:
2020-03-02 10:57:02.578293: I tensorflow/core/common_runtime/gpu/gpu_device.cc:988]      0 
2020-03-02 10:57:02.578303: I tensorflow/core/common_runtime/gpu/gpu_device.cc:1001] 0:   N 
2020-03-02 10:57:02.578399: I tensorflow/core/common_runtime/gpu/gpu_device.cc:1115] Created TensorFlow device (/job:localhost/replica:0/task:0/device:GPU:0 with 572 MB memory) -> physical GPU (device: 0, name: Tesla M40, pci bus id: 0000:82:00.0, compute capability: 5.2)
2020-03-02 11:23:36.439026: I tensorflow/core/platform/cpu_feature_guard.cc:141] Your CPU supports instructions that this TensorFlow binary was not compiled to use: SSE4.1 SSE4.2 AVX AVX2 FMA
2020-03-02 11:23:36.538177: I tensorflow/core/platform/cpu_feature_guard.cc:141] Your CPU supports instructions that this TensorFlow binary was not compiled to use: SSE4.1 SSE4.2 AVX AVX2 FMA
2020-03-02 11:23:36.589265: I tensorflow/core/common_runtime/gpu/gpu_device.cc:1432] Found device 0 with properties: 
name: Tesla M40 major: 5 minor: 2 memoryClockRate(GHz): 1.112
pciBusID: 0000:82:00.0
totalMemory: 11.18GiB freeMemory: 8.03GiB
2020-03-02 11:23:36.589336: I tensorflow/core/common_runtime/gpu/gpu_device.cc:1511] Adding visible gpu devices: 0
2020-03-02 11:23:36.658132: I tensorflow/core/platform/cpu_feature_guard.cc:141] Your CPU supports instructions that this TensorFlow binary was not compiled to use: SSE4.1 SSE4.2 AVX AVX2 FMA
2020-03-02 11:23:36.744441: I tensorflow/core/common_runtime/gpu/gpu_device.cc:1432] Found device 0 with properties: 
name: Tesla M40 major: 5 minor: 2 memoryClockRate(GHz): 1.112
pciBusID: 0000:82:00.0
totalMemory: 11.18GiB freeMemory: 7.92GiB
2020-03-02 11:23:36.744524: I tensorflow/core/common_runtime/gpu/gpu_device.cc:1511] Adding visible gpu devices: 0
2020-03-02 11:23:36.801175: I tensorflow/core/common_runtime/gpu/gpu_device.cc:1432] Found device 0 with properties: 
name: Tesla M40 major: 5 minor: 2 memoryClockRate(GHz): 1.112
pciBusID: 0000:82:00.0
totalMemory: 11.18GiB freeMemory: 7.81GiB
2020-03-02 11:23:36.801265: I tensorflow/core/common_runtime/gpu/gpu_device.cc:1511] Adding visible gpu devices: 0
2020-03-02 11:23:37.122655: I tensorflow/core/common_runtime/gpu/gpu_device.cc:982] Device interconnect StreamExecutor with strength 1 edge matrix:
2020-03-02 11:23:37.122740: I tensorflow/core/common_runtime/gpu/gpu_device.cc:988]      0 
2020-03-02 11:23:37.122758: I tensorflow/core/common_runtime/gpu/gpu_device.cc:1001] 0:   N 
2020-03-02 11:23:37.122885: I tensorflow/core/common_runtime/gpu/gpu_device.cc:1115] Created TensorFlow device (/job:localhost/replica:0/task:0/device:GPU:0 with 572 MB memory) -> physical GPU (device: 0, name: Tesla M40, pci bus id: 0000:82:00.0, compute capability: 5.2)
2020-03-02 11:23:37.148293: I tensorflow/core/common_runtime/gpu/gpu_device.cc:982] Device interconnect StreamExecutor with strength 1 edge matrix:
2020-03-02 11:23:37.148359: I tensorflow/core/common_runtime/gpu/gpu_device.cc:988]      0 
2020-03-02 11:23:37.148369: I tensorflow/core/common_runtime/gpu/gpu_device.cc:1001] 0:   N 
2020-03-02 11:23:37.148458: I tensorflow/core/common_runtime/gpu/gpu_device.cc:1115] Created TensorFlow device (/job:localhost/replica:0/task:0/device:GPU:0 with 572 MB memory) -> physical GPU (device: 0, name: Tesla M40, pci bus id: 0000:82:00.0, compute capability: 5.2)
2020-03-02 11:23:37.190192: I tensorflow/core/common_runtime/gpu/gpu_device.cc:982] Device interconnect StreamExecutor with strength 1 edge matrix:
2020-03-02 11:23:37.190241: I tensorflow/core/common_runtime/gpu/gpu_device.cc:988]      0 
2020-03-02 11:23:37.190252: I tensorflow/core/common_runtime/gpu/gpu_device.cc:1001] 0:   N 
2020-03-02 11:23:37.190346: I tensorflow/core/common_runtime/gpu/gpu_device.cc:1115] Created TensorFlow device (/job:localhost/replica:0/task:0/device:GPU:0 with 572 MB memory) -> physical GPU (device: 0, name: Tesla M40, pci bus id: 0000:82:00.0, compute capability: 5.2)
ERROR:tornado.application:Uncaught exception GET /del?modelPath=%221221313123.txt%22 (10.254.1.19)
HTTPServerRequest(protocol='http', host='172.18.89.119:8888', method='GET', uri='/del?modelPath=%221221313123.txt%22', version='HTTP/1.1', remote_ip='10.254.1.19', headers={'User-Agent': 'PostmanRuntime/7.22.0', 'Accept': '*/*', 'Cache-Control': 'no-cache', 'Postman-Token': 'a9ececd8-b084-42c6-9203-28f55742d14f', 'Host': '172.18.89.119:8888', 'Accept-Encoding': 'gzip, deflate, br', 'Connection': 'keep-alive'})
Traceback (most recent call last):
  File "/home/lcong/anaconda3/lib/python3.6/site-packages/tornado/web.py", line 1509, in _execute
    result = method(*self.path_args, **self.path_kwargs)
  File "app.py", line 43, in get
    self.write(json.dumps(result))
  File "/home/lcong/anaconda3/lib/python3.6/json/__init__.py", line 231, in dumps
    return _default_encoder.encode(obj)
  File "/home/lcong/anaconda3/lib/python3.6/json/encoder.py", line 199, in encode
    chunks = self.iterencode(o, _one_shot=True)
  File "/home/lcong/anaconda3/lib/python3.6/json/encoder.py", line 257, in iterencode
    return _iterencode(o, 0)
  File "/home/lcong/anaconda3/lib/python3.6/json/encoder.py", line 180, in default
    o.__class__.__name__)
TypeError: Object of type 'FileNotFoundError' is not JSON serializable
ERROR:tornado.access:500 GET /del?modelPath=%221221313123.txt%22 (10.254.1.19) 6.45ms
2020-03-02 14:18:31.525689: I tensorflow/core/platform/cpu_feature_guard.cc:141] Your CPU supports instructions that this TensorFlow binary was not compiled to use: SSE4.1 SSE4.2 AVX AVX2 FMA
2020-03-02 14:18:31.553945: I tensorflow/core/platform/cpu_feature_guard.cc:141] Your CPU supports instructions that this TensorFlow binary was not compiled to use: SSE4.1 SSE4.2 AVX AVX2 FMA
2020-03-02 14:18:31.666942: I tensorflow/core/platform/cpu_feature_guard.cc:141] Your CPU supports instructions that this TensorFlow binary was not compiled to use: SSE4.1 SSE4.2 AVX AVX2 FMA
2020-03-02 14:18:31.818645: I tensorflow/core/common_runtime/gpu/gpu_device.cc:1432] Found device 0 with properties: 
name: Tesla M40 major: 5 minor: 2 memoryClockRate(GHz): 1.112
pciBusID: 0000:82:00.0
totalMemory: 11.18GiB freeMemory: 8.02GiB
2020-03-02 14:18:31.818702: I tensorflow/core/common_runtime/gpu/gpu_device.cc:1511] Adding visible gpu devices: 0
2020-03-02 14:18:31.843165: I tensorflow/core/common_runtime/gpu/gpu_device.cc:1432] Found device 0 with properties: 
name: Tesla M40 major: 5 minor: 2 memoryClockRate(GHz): 1.112
pciBusID: 0000:82:00.0
totalMemory: 11.18GiB freeMemory: 7.92GiB
2020-03-02 14:18:31.843223: I tensorflow/core/common_runtime/gpu/gpu_device.cc:1511] Adding visible gpu devices: 0
2020-03-02 14:18:31.850774: I tensorflow/core/common_runtime/gpu/gpu_device.cc:1432] Found device 0 with properties: 
name: Tesla M40 major: 5 minor: 2 memoryClockRate(GHz): 1.112
pciBusID: 0000:82:00.0
totalMemory: 11.18GiB freeMemory: 7.83GiB
2020-03-02 14:18:31.850821: I tensorflow/core/common_runtime/gpu/gpu_device.cc:1511] Adding visible gpu devices: 0
2020-03-02 14:18:32.231932: I tensorflow/core/common_runtime/gpu/gpu_device.cc:982] Device interconnect StreamExecutor with strength 1 edge matrix:
2020-03-02 14:18:32.231986: I tensorflow/core/common_runtime/gpu/gpu_device.cc:988]      0 
2020-03-02 14:18:32.231996: I tensorflow/core/common_runtime/gpu/gpu_device.cc:1001] 0:   N 
2020-03-02 14:18:32.232086: I tensorflow/core/common_runtime/gpu/gpu_device.cc:1115] Created TensorFlow device (/job:localhost/replica:0/task:0/device:GPU:0 with 572 MB memory) -> physical GPU (device: 0, name: Tesla M40, pci bus id: 0000:82:00.0, compute capability: 5.2)
2020-03-02 14:18:32.259709: I tensorflow/core/common_runtime/gpu/gpu_device.cc:982] Device interconnect StreamExecutor with strength 1 edge matrix:
2020-03-02 14:18:32.259756: I tensorflow/core/common_runtime/gpu/gpu_device.cc:988]      0 
2020-03-02 14:18:32.259767: I tensorflow/core/common_runtime/gpu/gpu_device.cc:1001] 0:   N 
2020-03-02 14:18:32.259859: I tensorflow/core/common_runtime/gpu/gpu_device.cc:1115] Created TensorFlow device (/job:localhost/replica:0/task:0/device:GPU:0 with 572 MB memory) -> physical GPU (device: 0, name: Tesla M40, pci bus id: 0000:82:00.0, compute capability: 5.2)
2020-03-02 14:18:32.274891: I tensorflow/core/common_runtime/gpu/gpu_device.cc:982] Device interconnect StreamExecutor with strength 1 edge matrix:
2020-03-02 14:18:32.274936: I tensorflow/core/common_runtime/gpu/gpu_device.cc:988]      0 
2020-03-02 14:18:32.274945: I tensorflow/core/common_runtime/gpu/gpu_device.cc:1001] 0:   N 
2020-03-02 14:18:32.275033: I tensorflow/core/common_runtime/gpu/gpu_device.cc:1115] Created TensorFlow device (/job:localhost/replica:0/task:0/device:GPU:0 with 572 MB memory) -> physical GPU (device: 0, name: Tesla M40, pci bus id: 0000:82:00.0, compute capability: 5.2)
